=== Notification Log Started: 2026-02-18 20:10:57.395742 ===

[2026-02-18 20:10:57] [WARNING] ⚠️  EARLY WARNING - Asset 1: Anomaly detected at 2025-04-23 22:00:00+00:00
[2026-02-18 20:10:57] [ERROR] 🚨 PRIORITY ESCALATION - Asset 1: Anomaly has persisted for 3.0 hours (since 2025-04-23 22:00:00+00:00)
[2026-02-18 20:10:57] [WARNING] ⚠️  EARLY WARNING - Asset 1: Anomaly detected at 2025-05-22 05:00:00+00:00
[2026-02-18 20:10:57] [ERROR] 🚨 PRIORITY ESCALATION - Asset 1: Anomaly has persisted for 3.0 hours (since 2025-05-22 05:00:00+00:00)
[2026-02-18 20:10:57] [WARNING] ⚠️  EARLY WARNING - Asset 1: Anomaly detected at 2025-05-23 01:00:00+00:00
[2026-02-18 20:10:57] [ERROR] 🚨 PRIORITY ESCALATION - Asset 1: Anomaly has persisted for 3.0 hours (since 2025-05-23 01:00:00+00:00)
[2026-02-18 20:10:57] [WARNING] ⚠️  EARLY WARNING - Asset 1: Anomaly detected at 2025-09-25 04:00:00+00:00
[2026-02-18 20:10:57] [ERROR] 🚨 PRIORITY ESCALATION - Asset 1: Anomaly has persisted for 3.0 hours (since 2025-09-25 04:00:00+00:00)
[2026-02-18 20:10:57] [WARNING] ⚠️  EARLY WARNING - Asset 1: Anomaly detected at 2025-09-28 02:00:00+00:00
[2026-02-18 20:11:00] [WARNING] ⚠️  EARLY WARNING - Asset 2: Anomaly detected at 2025-04-23 23:00:00+00:00
[2026-02-18 20:11:00] [ERROR] 🚨 PRIORITY ESCALATION - Asset 2: Anomaly has persisted for 3.0 hours (since 2025-04-23 23:00:00+00:00)
[2026-02-18 20:11:00] [WARNING] ⚠️  EARLY WARNING - Asset 2: Anomaly detected at 2025-05-22 00:00:00+00:00
[2026-02-18 20:11:00] [ERROR] 🚨 PRIORITY ESCALATION - Asset 2: Anomaly has persisted for 3.0 hours (since 2025-05-22 00:00:00+00:00)
[2026-02-18 20:11:00] [WARNING] ⚠️  EARLY WARNING - Asset 2: Anomaly detected at 2025-05-24 02:00:00+00:00
[2026-02-18 20:11:00] [ERROR] 🚨 PRIORITY ESCALATION - Asset 2: Anomaly has persisted for 3.0 hours (since 2025-05-24 02:00:00+00:00)
[2026-02-18 20:11:00] [WARNING] ⚠️  EARLY WARNING - Asset 2: Anomaly detected at 2025-05-27 20:00:00+00:00
[2026-02-18 20:11:00] [ERROR] 🚨 PRIORITY ESCALATION - Asset 2: Anomaly has persisted for 3.0 hours (since 2025-05-27 20:00:00+00:00)
[2026-02-18 20:11:00] [WARNING] ⚠️  EARLY WARNING - Asset 2: Anomaly detected at 2025-06-01 07:00:00+00:00
[2026-02-18 20:11:00] [WARNING] ⚠️  EARLY WARNING - Asset 2: Anomaly detected at 2025-09-25 04:00:00+00:00
[2026-02-18 20:11:00] [ERROR] 🚨 PRIORITY ESCALATION - Asset 2: Anomaly has persisted for 3.0 hours (since 2025-09-25 04:00:00+00:00)
[2026-02-18 20:11:00] [WARNING] ⚠️  EARLY WARNING - Asset 2: Anomaly detected at 2025-09-28 01:00:00+00:00
[2026-02-18 20:11:02] [INFO] Batch processing complete. Summary generated.

============================================================
NOTIFICATION SUMMARY
============================================================

Total Notifications: 21
  - Early Warnings: 12
  - Priority Escalations: 9

By Asset:
  Asset 1:
    - Early Warnings: 5
    - Priority Escalations: 4
  Asset 2:
    - Early Warnings: 7
    - Priority Escalations: 5
============================================================

